<?xml version="1.0" encoding="UTF-8"?>
<testng-results skipped="0" failed="0" ignored="0" total="1" passed="1">
  <reporter-output>
  </reporter-output>
  <suite name="Default suite" duration-ms="11578" started-at="2019-05-31T05:40:04Z" finished-at="2019-05-31T05:40:15Z">
    <groups>
    </groups>
    <test name="Default test" duration-ms="11578" started-at="2019-05-31T05:40:04Z" finished-at="2019-05-31T05:40:15Z">
      <class name="MavenSeleniumGrid.WebdriverGrid.loginpage">
        <test-method status="PASS" signature="openurl()[pri:0, instance:MavenSeleniumGrid.WebdriverGrid.loginpage@1dfe2924]" name="openurl" is-config="true" duration-ms="11036" started-at="2019-05-31T11:10:04Z" finished-at="2019-05-31T11:10:15Z">
          <reporter-output>
          </reporter-output>
        </test-method> <!-- openurl -->
        <test-method status="PASS" signature="login()[pri:0, instance:MavenSeleniumGrid.WebdriverGrid.loginpage@1dfe2924]" name="login" duration-ms="517" started-at="2019-05-31T11:10:15Z" finished-at="2019-05-31T11:10:15Z">
          <reporter-output>
          </reporter-output>
        </test-method> <!-- login -->
        <test-method status="PASS" signature="afterMethod()[pri:0, instance:MavenSeleniumGrid.WebdriverGrid.loginpage@1dfe2924]" name="afterMethod" is-config="true" duration-ms="0" started-at="2019-05-31T11:10:15Z" finished-at="2019-05-31T11:10:15Z">
          <reporter-output>
          </reporter-output>
        </test-method> <!-- afterMethod -->
      </class> <!-- MavenSeleniumGrid.WebdriverGrid.loginpage -->
    </test> <!-- Default test -->
  </suite> <!-- Default suite -->
</testng-results>
